<?xml version="1.0" encoding="UTF-8"?>
<!-- Generated by org.testng.reporters.JUnitXMLReporter -->
<testsuite hostname="Karishma-PC" ignored="0" name="Default test" tests="2" failures="0" timestamp="14 Oct 2018 10:10:07 GMT" time="62.213" errors="0">
  <testcase name="validateLogin" time="4.126" classname="TestCasesForFunctionalTesting.LoginPageTestCase"/>
  <testcase name="validateLinks" time="22.251" classname="TestCasesForFunctionalTesting.LoginPageTestCase"/>
</testsuite> <!-- Default test -->
