<?xml version="1.0" encoding="UTF-8"?>
<testng-results skipped="0" failed="0" ignored="0" total="2" passed="2">
  <reporter-output>
  </reporter-output>
  <suite name="TestCasesForFunctionalTesting.LoginPageTestCase" duration-ms="73253" started-at="2018-10-21T06:08:33Z" finished-at="2018-10-21T06:09:46Z">
    <groups>
    </groups>
    <test name="Command line test" duration-ms="73253" started-at="2018-10-21T06:08:33Z" finished-at="2018-10-21T06:09:46Z">
      <class name="TestCasesForFunctionalTesting.LoginPageTestCase">
        <test-method status="PASS" signature="setUp()[pri:0, instance:TestCasesForFunctionalTesting.LoginPageTestCase@614c5515]" name="setUp" is-config="true" duration-ms="35423" started-at="2018-10-21T06:08:33Z" finished-at="2018-10-21T06:09:08Z">
          <reporter-output>
          </reporter-output>
        </test-method> <!-- setUp -->
        <test-method status="PASS" signature="validateLogin()[pri:1, instance:TestCasesForFunctionalTesting.LoginPageTestCase@614c5515]" name="validateLogin" duration-ms="2960" started-at="2018-10-21T06:09:08Z" finished-at="2018-10-21T06:09:11Z">
          <reporter-output>
          </reporter-output>
        </test-method> <!-- validateLogin -->
        <test-method status="PASS" signature="tearDown()[pri:0, instance:TestCasesForFunctionalTesting.LoginPageTestCase@614c5515]" name="tearDown" is-config="true" duration-ms="830" started-at="2018-10-21T06:09:11Z" finished-at="2018-10-21T06:09:12Z">
          <reporter-output>
          </reporter-output>
        </test-method> <!-- tearDown -->
        <test-method status="PASS" signature="setUp()[pri:0, instance:TestCasesForFunctionalTesting.LoginPageTestCase@614c5515]" name="setUp" is-config="true" duration-ms="9102" started-at="2018-10-21T06:09:12Z" finished-at="2018-10-21T06:09:21Z">
          <reporter-output>
          </reporter-output>
        </test-method> <!-- setUp -->
        <test-method status="PASS" signature="validateLinks()[pri:2, instance:TestCasesForFunctionalTesting.LoginPageTestCase@614c5515]" name="validateLinks" duration-ms="24124" started-at="2018-10-21T06:09:21Z" finished-at="2018-10-21T06:09:45Z">
          <reporter-output>
          </reporter-output>
        </test-method> <!-- validateLinks -->
        <test-method status="PASS" signature="tearDown()[pri:0, instance:TestCasesForFunctionalTesting.LoginPageTestCase@614c5515]" name="tearDown" is-config="true" duration-ms="759" started-at="2018-10-21T06:09:45Z" finished-at="2018-10-21T06:09:46Z">
          <reporter-output>
          </reporter-output>
        </test-method> <!-- tearDown -->
      </class> <!-- TestCasesForFunctionalTesting.LoginPageTestCase -->
    </test> <!-- Command line test -->
  </suite> <!-- TestCasesForFunctionalTesting.LoginPageTestCase -->
</testng-results>
