<?xml version="1.0" encoding="UTF-8"?>
<testng-results skipped="0" failed="0" ignored="0" total="0" passed="0">
  <reporter-output>
  </reporter-output>
  <suite name="org.com.FreeCRM.FreeCRM.AppTest" duration-ms="8" started-at="2018-09-22T17:36:05 IST" finished-at="2018-09-22T17:36:05 IST">
    <groups>
    </groups>
    <test name="Command line test" duration-ms="8" started-at="2018-09-22T17:36:05 IST" finished-at="2018-09-22T17:36:05 IST">
    </test> <!-- Command line test -->
  </suite> <!-- org.com.FreeCRM.FreeCRM.AppTest -->
</testng-results>
