<?xml version="1.0" encoding="UTF-8"?>
<!-- Generated by org.testng.reporters.JUnitXMLReporter -->
<testsuite hostname="Karishma-PC" ignored="0" name="Command line test" tests="2" failures="0" timestamp="21 Oct 2018 06:09:46 GMT" time="73.253" errors="0">
  <testcase name="validateLogin" time="2.96" classname="TestCasesForFunctionalTesting.LoginPageTestCase"/>
  <testcase name="validateLinks" time="24.124" classname="TestCasesForFunctionalTesting.LoginPageTestCase"/>
</testsuite> <!-- Command line test -->
