<?xml version="1.0" encoding="UTF-8"?>
<testng-results skipped="0" failed="0" ignored="0" total="2" passed="2">
  <reporter-output>
  </reporter-output>
  <suite name="Default suite" duration-ms="62213" started-at="2018-10-14T10:09:05Z" finished-at="2018-10-14T10:10:07Z">
    <groups>
    </groups>
    <test name="Default test" duration-ms="62213" started-at="2018-10-14T10:09:05Z" finished-at="2018-10-14T10:10:07Z">
      <class name="TestCasesForFunctionalTesting.LoginPageTestCase">
        <test-method status="PASS" signature="setUp()[pri:0, instance:TestCasesForFunctionalTesting.LoginPageTestCase@7d9d1a19]" name="setUp" is-config="true" duration-ms="24895" started-at="2018-10-14T10:09:05Z" finished-at="2018-10-14T10:09:30Z">
          <reporter-output>
          </reporter-output>
        </test-method> <!-- setUp -->
        <test-method status="PASS" signature="validateLogin()[pri:1, instance:TestCasesForFunctionalTesting.LoginPageTestCase@7d9d1a19]" name="validateLogin" duration-ms="4126" started-at="2018-10-14T10:09:30Z" finished-at="2018-10-14T10:09:34Z">
          <reporter-output>
          </reporter-output>
        </test-method> <!-- validateLogin -->
        <test-method status="PASS" signature="tearDown()[pri:0, instance:TestCasesForFunctionalTesting.LoginPageTestCase@7d9d1a19]" name="tearDown" is-config="true" duration-ms="828" started-at="2018-10-14T10:09:34Z" finished-at="2018-10-14T10:09:35Z">
          <reporter-output>
          </reporter-output>
        </test-method> <!-- tearDown -->
        <test-method status="PASS" signature="setUp()[pri:0, instance:TestCasesForFunctionalTesting.LoginPageTestCase@7d9d1a19]" name="setUp" is-config="true" duration-ms="8769" started-at="2018-10-14T10:09:35Z" finished-at="2018-10-14T10:09:44Z">
          <reporter-output>
          </reporter-output>
        </test-method> <!-- setUp -->
        <test-method status="PASS" signature="validateLinks()[pri:2, instance:TestCasesForFunctionalTesting.LoginPageTestCase@7d9d1a19]" name="validateLinks" duration-ms="22251" started-at="2018-10-14T10:09:44Z" finished-at="2018-10-14T10:10:06Z">
          <reporter-output>
          </reporter-output>
        </test-method> <!-- validateLinks -->
        <test-method status="PASS" signature="tearDown()[pri:0, instance:TestCasesForFunctionalTesting.LoginPageTestCase@7d9d1a19]" name="tearDown" is-config="true" duration-ms="1292" started-at="2018-10-14T10:10:06Z" finished-at="2018-10-14T10:10:07Z">
          <reporter-output>
          </reporter-output>
        </test-method> <!-- tearDown -->
      </class> <!-- TestCasesForFunctionalTesting.LoginPageTestCase -->
    </test> <!-- Default test -->
  </suite> <!-- Default suite -->
</testng-results>
